<?xml version="1.0" encoding="UTF-8" ?>
<testsuite errors="0" failures="0" hostname="MAL1000018.local" name="com.sungardhe.banner.codenarc.rule.ResourceCodeExistsTest" tests="4" time="0.138" timestamp="2010-12-07T16:42:25">
  <properties />
  <testcase classname="com.sungardhe.banner.codenarc.rule.ResourceCodeExistsTest" name="testSuccessScenario" time="0.095" />
  <testcase classname="com.sungardhe.banner.codenarc.rule.ResourceCodeExistsTest" name="testFailedScenario" time="0.015" />
  <testcase classname="com.sungardhe.banner.codenarc.rule.ResourceCodeExistsTest" name="testApplyTo_CompilerError" time="0.0010" />
  <testcase classname="com.sungardhe.banner.codenarc.rule.ResourceCodeExistsTest" name="testThatUnrelatedCodeHasNoViolations" time="0.0070" />
  <system-out><![CDATA[--Output from testSuccessScenario--
-------------------------[ ResourceCodeExistsTest.null ]------------------------
[ResourceCodeExistsTest] violations=[]
--Output from testFailedScenario--
-------------------------[ ResourceCodeExistsTest.null ]------------------------
[ResourceCodeExistsTest] violations=[Violation[rule=ResourceCodeExists[name=ResourceCodeExists, priority=2], lineNumber=0, sourceLine=@@r1:myResourseCode@@, message=The resourceCode 'myResourseCode' was not found in the resource files.]]
--Output from testApplyTo_CompilerError--
-------------------------[ ResourceCodeExistsTest.null ]------------------------
[ResourceCodeExistsTest] violations=[]
--Output from testThatUnrelatedCodeHasNoViolations--
-------------------------[ ResourceCodeExistsTest.null ]------------------------
[ResourceCodeExistsTest] violations=[]
]]></system-out>
  <system-err><![CDATA[--Output from testSuccessScenario--
--Output from testFailedScenario--
--Output from testApplyTo_CompilerError--
--Output from testThatUnrelatedCodeHasNoViolations--
]]></system-err>
</testsuite>
